2024-05-04T11:34:44.432Z [your-service] /home/anton/my_projects/NODE_JS/TS/TESTS/work_pimp_2/backend/src/utils/logger.ts:34 info: Источник данных успешно инициализирован
2024-05-04T11:40:40.828Z [your-service] /home/anton/my_projects/NODE_JS/TS/TESTS/work_pimp_2/backend/src/utils/logger.ts:34 info: Источник данных успешно инициализирован
2024-05-04T11:44:11.795Z [your-service] /home/anton/my_projects/NODE_JS/TS/TESTS/work_pimp_2/backend/src/utils/logger.ts:34 info: Источник данных успешно инициализирован
2024-05-04T11:44:37.305Z [your-service] /home/anton/my_projects/NODE_JS/TS/TESTS/work_pimp_2/backend/src/utils/logger.ts:34 info: Источник данных успешно инициализирован
2024-05-04T11:46:10.628Z [your-service] /home/anton/my_projects/NODE_JS/TS/TESTS/work_pimp_2/backend/src/utils/logger.ts:34 info: Источник данных успешно инициализирован
2024-05-04T11:46:25.209Z [your-service] /home/anton/my_projects/NODE_JS/TS/TESTS/work_pimp_2/backend/src/utils/logger.ts:34 info: Источник данных успешно инициализирован
2024-05-04T11:48:41.377Z [your-service] /home/anton/my_projects/NODE_JS/TS/TESTS/work_pimp_2/backend/src/utils/logger.ts:34 info: Источник данных успешно инициализирован
2024-05-04T11:56:13.126Z [your-service] /home/anton/my_projects/NODE_JS/TS/TESTS/work_pimp_2/backend/src/utils/logger.ts:34 info: Источник данных успешно инициализирован
2024-05-04T13:42:57.181Z [your-service] /home/anton/my_projects/NODE_JS/TS/TESTS/work_pimp_2/backend/src/utils/logger.ts:34 info: Источник данных успешно инициализирован
2024-05-04T17:11:57.536Z [your-service] /home/anton/my_projects/NODE_JS/TS/TESTS/work_pimp_2/backend/src/utils/logger.ts:34 info: Источник данных успешно инициализирован
2024-05-04T17:17:42.246Z [your-service] /home/anton/my_projects/NODE_JS/TS/TESTS/work_pimp_2/backend/src/utils/logger.ts:34 info: Источник данных успешно инициализирован
2024-05-04T17:19:59.426Z [your-service] /home/anton/my_projects/NODE_JS/TS/TESTS/work_pimp_2/backend/src/utils/logger.ts:34 info: Источник данных успешно инициализирован
2024-05-04T17:23:04.949Z [your-service] /home/anton/my_projects/NODE_JS/TS/TESTS/work_pimp_2/backend/src/utils/logger.ts:34 info: Источник данных успешно инициализирован
2024-05-04T17:28:04.446Z [your-service] /home/anton/my_projects/NODE_JS/TS/TESTS/work_pimp_2/backend/src/utils/logger.ts:34 info: Источник данных успешно инициализирован
2024-05-04T17:28:57.821Z [your-service] /home/anton/my_projects/NODE_JS/TS/TESTS/work_pimp_2/backend/src/utils/logger.ts:34 info: Источник данных успешно инициализирован
2024-05-04T17:29:40.182Z [your-service] /home/anton/my_projects/NODE_JS/TS/TESTS/work_pimp_2/backend/src/utils/logger.ts:34 info: Источник данных успешно инициализирован
2024-05-04T17:32:56.210Z [your-service] /home/anton/my_projects/NODE_JS/TS/TESTS/work_pimp_2/backend/src/utils/logger.ts:34 info: Источник данных успешно инициализирован
2024-05-04T17:34:12.553Z [your-service] /home/anton/my_projects/NODE_JS/TS/TESTS/work_pimp_2/backend/src/utils/logger.ts:34 info: Источник данных успешно инициализирован
2024-05-04T17:41:28.924Z [your-service] /home/anton/my_projects/NODE_JS/TS/TESTS/work_pimp_2/backend/src/utils/logger.ts:34 info: Источник данных успешно инициализирован
2024-05-04T17:46:21.777Z [your-service] /home/anton/my_projects/NODE_JS/TS/TESTS/work_pimp_2/backend/src/utils/logger.ts:34 info: Источник данных успешно инициализирован
2024-05-04T18:13:21.992Z [your-service] /home/anton/my_projects/NODE_JS/TS/TESTS/work_pimp_2/backend/src/utils/logger.ts:34 info: Источник данных успешно инициализирован
2024-05-04T20:10:27.144Z [your-service] /home/anton/my_projects/NODE_JS/TS/TESTS/work_pimp_2/backend/src/utils/logger.ts:34 info: Источник данных успешно инициализирован
2024-05-04T20:46:20.930Z [your-service] /home/anton/my_projects/NODE_JS/TS/TESTS/work_pimp_2/backend/src/utils/logger.ts:34 info: Источник данных успешно инициализирован
2024-05-05T13:28:01.496Z [your-service] /home/anton/my_projects/NODE_JS/TS/TESTS/work_pimp_2/backend/src/utils/logger.ts:34 info: Источник данных успешно инициализирован
2024-05-05T17:50:51.652Z [your-service] /home/anton/my_projects/NODE_JS/TS/TESTS/work_pimp_2/backend/src/utils/logger.ts:34 info: Источник данных успешно инициализирован
2024-05-05T17:59:34.167Z [your-service] /home/anton/my_projects/NODE_JS/TS/TESTS/work_pimp_2/backend/src/utils/logger.ts:34 info: Источник данных успешно инициализирован
2024-05-05T18:27:31.396Z [your-service] /home/anton/my_projects/NODE_JS/TS/TESTS/work_pimp_2/backend/src/utils/logger.ts:34 info: Источник данных успешно инициализирован
2024-05-05T18:28:25.936Z [your-service] /home/anton/my_projects/NODE_JS/TS/TESTS/work_pimp_2/backend/src/utils/logger.ts:34 info: Источник данных успешно инициализирован
2024-05-05T18:28:56.406Z [your-service] /home/anton/my_projects/NODE_JS/TS/TESTS/work_pimp_2/backend/src/utils/logger.ts:34 info: Источник данных успешно инициализирован
2024-05-05T18:50:05.902Z [your-service] /home/anton/my_projects/NODE_JS/TS/TESTS/work_pimp_2/backend/src/utils/logger.ts:34 info: Источник данных успешно инициализирован
2024-05-05T18:56:14.043Z [your-service] /home/anton/my_projects/NODE_JS/TS/TESTS/work_pimp_2/backend/src/utils/logger.ts:34 info: Источник данных успешно инициализирован
2024-05-05T19:00:58.340Z [your-service] /home/anton/my_projects/NODE_JS/TS/TESTS/work_pimp_2/backend/src/utils/logger.ts:34 info: Источник данных успешно инициализирован
2024-05-05T19:03:15.804Z [your-service] /home/anton/my_projects/NODE_JS/TS/TESTS/work_pimp_2/backend/src/utils/logger.ts:34 info: Источник данных успешно инициализирован
2024-05-05T19:04:34.601Z [your-service] /home/anton/my_projects/NODE_JS/TS/TESTS/work_pimp_2/backend/src/utils/logger.ts:34 info: Источник данных успешно инициализирован
2024-05-05T19:06:31.644Z [your-service] /home/anton/my_projects/NODE_JS/TS/TESTS/work_pimp_2/backend/src/utils/logger.ts:34 info: Источник данных успешно инициализирован
2024-05-05T19:06:35.889Z [your-service] /home/anton/my_projects/NODE_JS/TS/TESTS/work_pimp_2/backend/src/utils/logger.ts:34 error: QueryFailedError: ER_DUP_ENTRY: Duplicate entry '111.111@111.111' for key 'user_entity.IDX_415c35b9b3b6fe45a3b065030f'
    at Query.<anonymous> (/home/anton/my_projects/NODE_JS/TS/TESTS/work_pimp_2/backend/src/driver/mysql/MysqlQueryRunner.ts:246:33)
    at Query.<anonymous> (/home/anton/my_projects/NODE_JS/TS/TESTS/work_pimp_2/backend/node_modules/mysql/lib/Connection.js:526:10)
    at Query._callback (/home/anton/my_projects/NODE_JS/TS/TESTS/work_pimp_2/backend/node_modules/mysql/lib/Connection.js:488:16)
    at Query.Sequence.end (/home/anton/my_projects/NODE_JS/TS/TESTS/work_pimp_2/backend/node_modules/mysql/lib/protocol/sequences/Sequence.js:83:24)
    at Query.ErrorPacket (/home/anton/my_projects/NODE_JS/TS/TESTS/work_pimp_2/backend/node_modules/mysql/lib/protocol/sequences/Query.js:92:8)
    at Protocol._parsePacket (/home/anton/my_projects/NODE_JS/TS/TESTS/work_pimp_2/backend/node_modules/mysql/lib/protocol/Protocol.js:291:23)
    at Parser._parsePacket (/home/anton/my_projects/NODE_JS/TS/TESTS/work_pimp_2/backend/node_modules/mysql/lib/protocol/Parser.js:433:10)
    at Parser.write (/home/anton/my_projects/NODE_JS/TS/TESTS/work_pimp_2/backend/node_modules/mysql/lib/protocol/Parser.js:43:10)
    at Protocol.write (/home/anton/my_projects/NODE_JS/TS/TESTS/work_pimp_2/backend/node_modules/mysql/lib/protocol/Protocol.js:38:16)
    at Socket.<anonymous> (/home/anton/my_projects/NODE_JS/TS/TESTS/work_pimp_2/backend/node_modules/mysql/lib/Connection.js:88:28)
2024-05-05T19:06:35.890Z [your-service] /home/anton/my_projects/NODE_JS/TS/TESTS/work_pimp_2/backend/src/utils/logger.ts:34 error: Error: Failed to create user
    at UserService.<anonymous> (/home/anton/my_projects/NODE_JS/TS/TESTS/work_pimp_2/backend/src/core/services/users/UserService.ts:14:19)
    at step (/home/anton/my_projects/NODE_JS/TS/TESTS/work_pimp_2/backend/src/core/services/users/UserService.ts:33:23)
    at Object.throw (/home/anton/my_projects/NODE_JS/TS/TESTS/work_pimp_2/backend/src/core/services/users/UserService.ts:14:53)
    at rejected (/home/anton/my_projects/NODE_JS/TS/TESTS/work_pimp_2/backend/src/core/services/users/UserService.ts:6:65)
    at processTicksAndRejections (node:internal/process/task_queues:95:5)
2024-05-05T19:06:35.892Z [your-service] /home/anton/my_projects/NODE_JS/TS/TESTS/work_pimp_2/backend/src/utils/logger.ts:34 error: Error: Failed to create user
    at UserService.<anonymous> (/home/anton/my_projects/NODE_JS/TS/TESTS/work_pimp_2/backend/src/core/services/users/UserService.ts:14:19)
    at step (/home/anton/my_projects/NODE_JS/TS/TESTS/work_pimp_2/backend/src/core/services/users/UserService.ts:33:23)
    at Object.throw (/home/anton/my_projects/NODE_JS/TS/TESTS/work_pimp_2/backend/src/core/services/users/UserService.ts:14:53)
    at rejected (/home/anton/my_projects/NODE_JS/TS/TESTS/work_pimp_2/backend/src/core/services/users/UserService.ts:6:65)
    at processTicksAndRejections (node:internal/process/task_queues:95:5)
2024-05-05T19:48:41.432Z [your-service] /home/anton/my_projects/NODE_JS/TS/TESTS/work_pimp_2/backend/src/utils/logger.ts:34 info: Источник данных успешно инициализирован
2024-05-05T19:48:47.180Z [your-service] /home/anton/my_projects/NODE_JS/TS/TESTS/work_pimp_2/backend/src/utils/logger.ts:34 error: QueryFailedError: ER_DUP_ENTRY: Duplicate entry '111.111@111.111' for key 'user_entity.IDX_415c35b9b3b6fe45a3b065030f'
    at Query.<anonymous> (/home/anton/my_projects/NODE_JS/TS/TESTS/work_pimp_2/backend/src/driver/mysql/MysqlQueryRunner.ts:246:33)
    at Query.<anonymous> (/home/anton/my_projects/NODE_JS/TS/TESTS/work_pimp_2/backend/node_modules/mysql/lib/Connection.js:526:10)
    at Query._callback (/home/anton/my_projects/NODE_JS/TS/TESTS/work_pimp_2/backend/node_modules/mysql/lib/Connection.js:488:16)
    at Query.Sequence.end (/home/anton/my_projects/NODE_JS/TS/TESTS/work_pimp_2/backend/node_modules/mysql/lib/protocol/sequences/Sequence.js:83:24)
    at Query.ErrorPacket (/home/anton/my_projects/NODE_JS/TS/TESTS/work_pimp_2/backend/node_modules/mysql/lib/protocol/sequences/Query.js:92:8)
    at Protocol._parsePacket (/home/anton/my_projects/NODE_JS/TS/TESTS/work_pimp_2/backend/node_modules/mysql/lib/protocol/Protocol.js:291:23)
    at Parser._parsePacket (/home/anton/my_projects/NODE_JS/TS/TESTS/work_pimp_2/backend/node_modules/mysql/lib/protocol/Parser.js:433:10)
    at Parser.write (/home/anton/my_projects/NODE_JS/TS/TESTS/work_pimp_2/backend/node_modules/mysql/lib/protocol/Parser.js:43:10)
    at Protocol.write (/home/anton/my_projects/NODE_JS/TS/TESTS/work_pimp_2/backend/node_modules/mysql/lib/protocol/Protocol.js:38:16)
    at Socket.<anonymous> (/home/anton/my_projects/NODE_JS/TS/TESTS/work_pimp_2/backend/node_modules/mysql/lib/Connection.js:88:28)
2024-05-05T19:48:47.180Z [your-service] /home/anton/my_projects/NODE_JS/TS/TESTS/work_pimp_2/backend/src/utils/logger.ts:34 error: ER_DUP_ENTRY: Duplicate entry '111.111@111.111' for key 'user_entity.IDX_415c35b9b3b6fe45a3b065030f'
2024-05-05T19:48:47.181Z [your-service] /home/anton/my_projects/NODE_JS/TS/TESTS/work_pimp_2/backend/src/utils/logger.ts:34 error: QueryFailedError: ER_DUP_ENTRY: Duplicate entry '111.111@111.111' for key 'user_entity.IDX_415c35b9b3b6fe45a3b065030f'
    at Query.<anonymous> (/home/anton/my_projects/NODE_JS/TS/TESTS/work_pimp_2/backend/src/driver/mysql/MysqlQueryRunner.ts:246:33)
    at Query.<anonymous> (/home/anton/my_projects/NODE_JS/TS/TESTS/work_pimp_2/backend/node_modules/mysql/lib/Connection.js:526:10)
    at Query._callback (/home/anton/my_projects/NODE_JS/TS/TESTS/work_pimp_2/backend/node_modules/mysql/lib/Connection.js:488:16)
    at Query.Sequence.end (/home/anton/my_projects/NODE_JS/TS/TESTS/work_pimp_2/backend/node_modules/mysql/lib/protocol/sequences/Sequence.js:83:24)
    at Query.ErrorPacket (/home/anton/my_projects/NODE_JS/TS/TESTS/work_pimp_2/backend/node_modules/mysql/lib/protocol/sequences/Query.js:92:8)
    at Protocol._parsePacket (/home/anton/my_projects/NODE_JS/TS/TESTS/work_pimp_2/backend/node_modules/mysql/lib/protocol/Protocol.js:291:23)
    at Parser._parsePacket (/home/anton/my_projects/NODE_JS/TS/TESTS/work_pimp_2/backend/node_modules/mysql/lib/protocol/Parser.js:433:10)
    at Parser.write (/home/anton/my_projects/NODE_JS/TS/TESTS/work_pimp_2/backend/node_modules/mysql/lib/protocol/Parser.js:43:10)
    at Protocol.write (/home/anton/my_projects/NODE_JS/TS/TESTS/work_pimp_2/backend/node_modules/mysql/lib/protocol/Protocol.js:38:16)
    at Socket.<anonymous> (/home/anton/my_projects/NODE_JS/TS/TESTS/work_pimp_2/backend/node_modules/mysql/lib/Connection.js:88:28)
2024-05-05T19:54:12.767Z [site-service] /home/anton/my_projects/NODE_JS/TS/TESTS/work_pimp_2/backend/src/utils/logger.ts:34 info: Источник данных успешно инициализирован
2024-05-05T19:55:36.869Z [site-service] /home/anton/my_projects/NODE_JS/TS/TESTS/work_pimp_2/backend/src/utils/logger.ts:34 info: Источник данных успешно инициализирован
2024-05-05T19:56:28.506Z [site-service] /home/anton/my_projects/NODE_JS/TS/TESTS/work_pimp_2/backend/src/utils/logger.ts:34 info: Источник данных успешно инициализирован
2024-05-05T19:56:51.002Z [site-service] /home/anton/my_projects/NODE_JS/TS/TESTS/work_pimp_2/backend/src/utils/logger.ts:34 error: Некорректный email
2024-05-05T19:58:12.660Z [site-service] /home/anton/my_projects/NODE_JS/TS/TESTS/work_pimp_2/backend/src/utils/logger.ts:34 info: Источник данных успешно инициализирован
2024-05-05T19:58:17.369Z [site-service] /home/anton/my_projects/NODE_JS/TS/TESTS/work_pimp_2/backend/src/utils/logger.ts:34 error: Некорректный email
2024-05-05T19:59:28.718Z [site-service] /home/anton/my_projects/NODE_JS/TS/TESTS/work_pimp_2/backend/src/utils/logger.ts:34 info: Источник данных успешно инициализирован
2024-05-05T19:59:32.740Z [site-service] /home/anton/my_projects/NODE_JS/TS/TESTS/work_pimp_2/backend/src/utils/logger.ts:34 error: Некорректный email
2024-05-06T02:22:22.231Z [site-service] /home/anton/my_projects/NODE_JS/TS/TESTS/work_pimp_2/backend/src/utils/logger.ts:34 info: Источник данных успешно инициализирован
2024-05-06T15:35:39.121Z [site-service] /home/anton/my_projects/NODE_JS/TS/TESTS/work_pimp_2/backend/src/utils/logger.ts:34 info: Источник данных успешно инициализирован
2024-05-06T15:35:53.995Z [site-service] /home/anton/my_projects/NODE_JS/TS/TESTS/work_pimp_2/backend/src/utils/logger.ts:34 info: Источник данных успешно инициализирован
2024-05-06T15:44:40.871Z [site-service] /home/anton/my_projects/NODE_JS/TS/TESTS/work_pimp_2/backend/src/utils/logger.ts:34 info: Источник данных успешно инициализирован
2024-05-06T15:53:22.558Z [site-service] /home/anton/my_projects/NODE_JS/TS/TESTS/work_pimp_2/backend/src/utils/logger.ts:34 error: QueryFailedError: ER_DUP_ENTRY: Duplicate entry 'anton.tiunov.84.07@gmail.com' for key 'user_entity.IDX_415c35b9b3b6fe45a3b065030f'
    at Query.<anonymous> (/home/anton/my_projects/NODE_JS/TS/TESTS/work_pimp_2/backend/src/driver/mysql/MysqlQueryRunner.ts:246:33)
    at Query.<anonymous> (/home/anton/my_projects/NODE_JS/TS/TESTS/work_pimp_2/backend/node_modules/mysql/lib/Connection.js:526:10)
    at Query._callback (/home/anton/my_projects/NODE_JS/TS/TESTS/work_pimp_2/backend/node_modules/mysql/lib/Connection.js:488:16)
    at Query.Sequence.end (/home/anton/my_projects/NODE_JS/TS/TESTS/work_pimp_2/backend/node_modules/mysql/lib/protocol/sequences/Sequence.js:83:24)
    at Query.ErrorPacket (/home/anton/my_projects/NODE_JS/TS/TESTS/work_pimp_2/backend/node_modules/mysql/lib/protocol/sequences/Query.js:92:8)
    at Protocol._parsePacket (/home/anton/my_projects/NODE_JS/TS/TESTS/work_pimp_2/backend/node_modules/mysql/lib/protocol/Protocol.js:291:23)
    at Parser._parsePacket (/home/anton/my_projects/NODE_JS/TS/TESTS/work_pimp_2/backend/node_modules/mysql/lib/protocol/Parser.js:433:10)
    at Parser.write (/home/anton/my_projects/NODE_JS/TS/TESTS/work_pimp_2/backend/node_modules/mysql/lib/protocol/Parser.js:43:10)
    at Protocol.write (/home/anton/my_projects/NODE_JS/TS/TESTS/work_pimp_2/backend/node_modules/mysql/lib/protocol/Protocol.js:38:16)
    at Socket.<anonymous> (/home/anton/my_projects/NODE_JS/TS/TESTS/work_pimp_2/backend/node_modules/mysql/lib/Connection.js:88:28)
2024-05-06T15:53:22.558Z [site-service] /home/anton/my_projects/NODE_JS/TS/TESTS/work_pimp_2/backend/src/utils/logger.ts:34 error: ER_DUP_ENTRY: Duplicate entry 'anton.tiunov.84.07@gmail.com' for key 'user_entity.IDX_415c35b9b3b6fe45a3b065030f'
2024-05-06T15:53:22.559Z [site-service] /home/anton/my_projects/NODE_JS/TS/TESTS/work_pimp_2/backend/src/utils/logger.ts:34 error: QueryFailedError: ER_DUP_ENTRY: Duplicate entry 'anton.tiunov.84.07@gmail.com' for key 'user_entity.IDX_415c35b9b3b6fe45a3b065030f'
    at Query.<anonymous> (/home/anton/my_projects/NODE_JS/TS/TESTS/work_pimp_2/backend/src/driver/mysql/MysqlQueryRunner.ts:246:33)
    at Query.<anonymous> (/home/anton/my_projects/NODE_JS/TS/TESTS/work_pimp_2/backend/node_modules/mysql/lib/Connection.js:526:10)
    at Query._callback (/home/anton/my_projects/NODE_JS/TS/TESTS/work_pimp_2/backend/node_modules/mysql/lib/Connection.js:488:16)
    at Query.Sequence.end (/home/anton/my_projects/NODE_JS/TS/TESTS/work_pimp_2/backend/node_modules/mysql/lib/protocol/sequences/Sequence.js:83:24)
    at Query.ErrorPacket (/home/anton/my_projects/NODE_JS/TS/TESTS/work_pimp_2/backend/node_modules/mysql/lib/protocol/sequences/Query.js:92:8)
    at Protocol._parsePacket (/home/anton/my_projects/NODE_JS/TS/TESTS/work_pimp_2/backend/node_modules/mysql/lib/protocol/Protocol.js:291:23)
    at Parser._parsePacket (/home/anton/my_projects/NODE_JS/TS/TESTS/work_pimp_2/backend/node_modules/mysql/lib/protocol/Parser.js:433:10)
    at Parser.write (/home/anton/my_projects/NODE_JS/TS/TESTS/work_pimp_2/backend/node_modules/mysql/lib/protocol/Parser.js:43:10)
    at Protocol.write (/home/anton/my_projects/NODE_JS/TS/TESTS/work_pimp_2/backend/node_modules/mysql/lib/protocol/Protocol.js:38:16)
    at Socket.<anonymous> (/home/anton/my_projects/NODE_JS/TS/TESTS/work_pimp_2/backend/node_modules/mysql/lib/Connection.js:88:28)
2024-05-06T16:03:04.715Z [site-service] /home/anton/my_projects/NODE_JS/TS/TESTS/work_pimp_2/backend/src/utils/logger.ts:34 error: Пароль должен быть не менее 8 символов
2024-05-06T16:20:34.036Z [site-service] /home/anton/my_projects/NODE_JS/TS/TESTS/work_pimp_2/backend/src/utils/logger.ts:34 info: Источник данных успешно инициализирован
2024-05-06T16:22:15.179Z [site-service] /home/anton/my_projects/NODE_JS/TS/TESTS/work_pimp_2/backend/src/utils/logger.ts:34 info: Источник данных успешно инициализирован
2024-05-06T16:23:41.871Z [site-service] /home/anton/my_projects/NODE_JS/TS/TESTS/work_pimp_2/backend/src/utils/logger.ts:34 info: Источник данных успешно инициализирован
2024-05-06T16:27:50.432Z [site-service] /home/anton/my_projects/NODE_JS/TS/TESTS/work_pimp_2/backend/src/utils/logger.ts:34 info: Источник данных успешно инициализирован
2024-05-06T16:31:55.382Z [site-service] /home/anton/my_projects/NODE_JS/TS/TESTS/work_pimp_2/backend/src/utils/logger.ts:34 info: Источник данных успешно инициализирован
2024-05-06T16:43:31.181Z [site-service] /home/anton/my_projects/NODE_JS/TS/TESTS/work_pimp_2/backend/src/utils/logger.ts:34 info: Источник данных успешно инициализирован
2024-05-06T16:44:02.644Z [site-service] /home/anton/my_projects/NODE_JS/TS/TESTS/work_pimp_2/backend/src/utils/logger.ts:34 info: Источник данных успешно инициализирован
2024-05-06T16:44:09.933Z [site-service] /home/anton/my_projects/NODE_JS/TS/TESTS/work_pimp_2/backend/src/utils/logger.ts:34 info: Источник данных успешно инициализирован
2024-05-06T16:44:32.471Z [site-service] /home/anton/my_projects/NODE_JS/TS/TESTS/work_pimp_2/backend/src/utils/logger.ts:34 error: Пароль должен быть не менее 8 символов
2024-05-06T16:49:29.963Z [site-service] /home/anton/my_projects/NODE_JS/TS/TESTS/work_pimp_2/backend/src/utils/logger.ts:34 info: Источник данных успешно инициализирован
2024-05-06T17:32:41.901Z [site-service] /home/anton/my_projects/NODE_JS/TS/TESTS/work_pimp_2/backend/src/utils/logger.ts:34 info: Источник данных успешно инициализирован
2024-05-06T17:34:02.244Z [site-service] /home/anton/my_projects/NODE_JS/TS/TESTS/work_pimp_2/backend/src/utils/logger.ts:34 info: Источник данных успешно инициализирован
2024-05-06T19:34:32.148Z [site-service] /home/anton/my_projects/NODE_JS/TS/TESTS/work_pimp_2/backend/src/utils/logger.ts:34 info: Источник данных успешно инициализирован
2024-05-06T19:41:58.057Z [site-service] /home/anton/my_projects/NODE_JS/TS/TESTS/work_pimp_2/backend/src/utils/logger.ts:34 info: Источник данных успешно инициализирован
2024-05-06T19:50:53.075Z [site-service] /home/anton/my_projects/NODE_JS/TS/TESTS/work_pimp_2/backend/src/utils/logger.ts:34 info: Источник данных успешно инициализирован
2024-05-06T19:58:58.727Z [site-service] /home/anton/my_projects/NODE_JS/TS/TESTS/work_pimp_2/backend/src/utils/logger.ts:34 info: Источник данных успешно инициализирован
2024-05-06T19:59:53.937Z [site-service] /home/anton/my_projects/NODE_JS/TS/TESTS/work_pimp_2/backend/src/utils/logger.ts:34 info: Источник данных успешно инициализирован
2024-05-06T20:04:08.165Z [site-service] /home/anton/my_projects/NODE_JS/TS/TESTS/work_pimp_2/backend/src/utils/logger.ts:34 info: Источник данных успешно инициализирован
2024-05-06T20:27:15.496Z [site-service] /home/anton/my_projects/NODE_JS/TS/TESTS/work_pimp_2/backend/src/utils/logger.ts:34 info: Источник данных успешно инициализирован
2024-05-06T20:32:08.614Z [site-service] /home/anton/my_projects/NODE_JS/TS/TESTS/work_pimp_2/backend/src/utils/logger.ts:34 info: Источник данных успешно инициализирован
2024-05-06T20:34:40.009Z [site-service] /home/anton/my_projects/NODE_JS/TS/TESTS/work_pimp_2/backend/src/utils/logger.ts:34 info: Источник данных успешно инициализирован
2024-05-07T02:55:36.384Z [site-service] /home/anton/my_projects/NODE_JS/TS/TESTS/work_pimp_2/backend/src/utils/logger.ts:34 info: Источник данных успешно инициализирован
2024-05-07T03:00:45.815Z [site-service] /home/anton/my_projects/NODE_JS/TS/TESTS/work_pimp_2/backend/src/utils/logger.ts:34 info: Источник данных успешно инициализирован
2024-05-07T03:33:21.751Z [site-service] /home/anton/my_projects/NODE_JS/TS/TESTS/work_pimp_2/backend/src/utils/logger.ts:34 info: Источник данных успешно инициализирован
2024-05-07T03:54:39.806Z [site-service] /home/anton/my_projects/NODE_JS/TS/TESTS/work_pimp_2/backend/src/utils/logger.ts:34 info: Источник данных успешно инициализирован
2024-05-07T03:55:42.673Z [site-service] /home/anton/my_projects/NODE_JS/TS/TESTS/work_pimp_2/backend/src/utils/logger.ts:34 info: Источник данных успешно инициализирован
2024-05-07T03:57:32.507Z [site-service] /home/anton/my_projects/NODE_JS/TS/TESTS/work_pimp_2/backend/src/utils/logger.ts:34 info: Источник данных успешно инициализирован
2024-05-07T04:04:49.027Z [site-service] /home/anton/my_projects/NODE_JS/TS/TESTS/work_pimp_2/backend/src/utils/logger.ts:34 info: Источник данных успешно инициализирован
2024-05-07T04:09:12.000Z [site-service] /home/anton/my_projects/NODE_JS/TS/TESTS/work_pimp_2/backend/src/utils/logger.ts:34 info: Источник данных успешно инициализирован
2024-05-07T04:16:48.147Z [site-service] /home/anton/my_projects/NODE_JS/TS/TESTS/work_pimp_2/backend/src/utils/logger.ts:34 info: Источник данных успешно инициализирован
2024-05-07T04:17:25.900Z [site-service] /home/anton/my_projects/NODE_JS/TS/TESTS/work_pimp_2/backend/src/utils/logger.ts:34 info: Источник данных успешно инициализирован
2024-05-07T04:28:05.064Z [site-service] /home/anton/my_projects/NODE_JS/TS/TESTS/work_pimp_2/backend/src/utils/logger.ts:34 info: Источник данных успешно инициализирован
2024-05-07T11:19:57.445Z [site-service] /home/anton/my_projects/NODE_JS/TS/TESTS/work_pimp_2/backend/src/utils/logger.ts:34 info: Источник данных успешно инициализирован
2024-05-07T11:28:16.035Z [site-service] /home/anton/my_projects/NODE_JS/TS/TESTS/work_pimp_2/backend/src/utils/logger.ts:34 info: Источник данных успешно инициализирован
2024-05-07T13:47:46.033Z [site-service] /home/anton/my_projects/NODE_JS/TS/TESTS/work_pimp_2/backend/src/utils/logger.ts:34 info: Источник данных успешно инициализирован
2024-05-07T13:48:15.627Z [site-service] /home/anton/my_projects/NODE_JS/TS/TESTS/work_pimp_2/backend/src/utils/logger.ts:34 info: Источник данных успешно инициализирован
2024-05-07T13:49:23.100Z [site-service] /home/anton/my_projects/NODE_JS/TS/TESTS/work_pimp_2/backend/src/utils/logger.ts:34 info: Источник данных успешно инициализирован
2024-05-07T13:50:04.898Z [site-service] /home/anton/my_projects/NODE_JS/TS/TESTS/work_pimp_2/backend/src/utils/logger.ts:34 info: Источник данных успешно инициализирован
2024-05-07T13:50:25.046Z [site-service] /home/anton/my_projects/NODE_JS/TS/TESTS/work_pimp_2/backend/src/utils/logger.ts:34 info: Источник данных успешно инициализирован
2024-05-07T13:51:03.166Z [site-service] /home/anton/my_projects/NODE_JS/TS/TESTS/work_pimp_2/backend/src/utils/logger.ts:34 info: Источник данных успешно инициализирован
2024-05-07T13:51:38.711Z [site-service] /home/anton/my_projects/NODE_JS/TS/TESTS/work_pimp_2/backend/src/utils/logger.ts:34 info: Источник данных успешно инициализирован
2024-05-07T13:54:57.939Z [site-service] /home/anton/my_projects/NODE_JS/TS/TESTS/work_pimp_2/backend/src/utils/logger.ts:34 info: Источник данных успешно инициализирован
2024-05-07T13:55:27.886Z [site-service] /home/anton/my_projects/NODE_JS/TS/TESTS/work_pimp_2/backend/src/utils/logger.ts:34 info: Источник данных успешно инициализирован
2024-05-07T14:35:24.415Z [site-service] /home/anton/my_projects/NODE_JS/TS/TESTS/work_pimp_2/backend/src/utils/logger.ts:34 info: Источник данных успешно инициализирован
2024-05-07T15:05:03.730Z [site-service] /home/anton/my_projects/NODE_JS/TS/TESTS/work_pimp_2/backend/src/utils/logger.ts:34 info: Источник данных успешно инициализирован
2024-05-07T15:14:14.893Z [site-service] /home/anton/my_projects/NODE_JS/TS/TESTS/work_pimp_2/backend/src/utils/logger.ts:34 info: Источник данных успешно инициализирован
2024-05-07T15:21:25.523Z [site-service] /home/anton/my_projects/NODE_JS/TS/TESTS/work_pimp_2/backend/src/utils/logger.ts:34 info: Источник данных успешно инициализирован
