2024-05-05T19:06:35.889Z [your-service] /home/anton/my_projects/NODE_JS/TS/TESTS/work_pimp_2/backend/src/utils/logger.ts:34 error: QueryFailedError: ER_DUP_ENTRY: Duplicate entry '111.111@111.111' for key 'user_entity.IDX_415c35b9b3b6fe45a3b065030f'
    at Query.<anonymous> (/home/anton/my_projects/NODE_JS/TS/TESTS/work_pimp_2/backend/src/driver/mysql/MysqlQueryRunner.ts:246:33)
    at Query.<anonymous> (/home/anton/my_projects/NODE_JS/TS/TESTS/work_pimp_2/backend/node_modules/mysql/lib/Connection.js:526:10)
    at Query._callback (/home/anton/my_projects/NODE_JS/TS/TESTS/work_pimp_2/backend/node_modules/mysql/lib/Connection.js:488:16)
    at Query.Sequence.end (/home/anton/my_projects/NODE_JS/TS/TESTS/work_pimp_2/backend/node_modules/mysql/lib/protocol/sequences/Sequence.js:83:24)
    at Query.ErrorPacket (/home/anton/my_projects/NODE_JS/TS/TESTS/work_pimp_2/backend/node_modules/mysql/lib/protocol/sequences/Query.js:92:8)
    at Protocol._parsePacket (/home/anton/my_projects/NODE_JS/TS/TESTS/work_pimp_2/backend/node_modules/mysql/lib/protocol/Protocol.js:291:23)
    at Parser._parsePacket (/home/anton/my_projects/NODE_JS/TS/TESTS/work_pimp_2/backend/node_modules/mysql/lib/protocol/Parser.js:433:10)
    at Parser.write (/home/anton/my_projects/NODE_JS/TS/TESTS/work_pimp_2/backend/node_modules/mysql/lib/protocol/Parser.js:43:10)
    at Protocol.write (/home/anton/my_projects/NODE_JS/TS/TESTS/work_pimp_2/backend/node_modules/mysql/lib/protocol/Protocol.js:38:16)
    at Socket.<anonymous> (/home/anton/my_projects/NODE_JS/TS/TESTS/work_pimp_2/backend/node_modules/mysql/lib/Connection.js:88:28)
2024-05-05T19:06:35.890Z [your-service] /home/anton/my_projects/NODE_JS/TS/TESTS/work_pimp_2/backend/src/utils/logger.ts:34 error: Error: Failed to create user
    at UserService.<anonymous> (/home/anton/my_projects/NODE_JS/TS/TESTS/work_pimp_2/backend/src/core/services/users/UserService.ts:14:19)
    at step (/home/anton/my_projects/NODE_JS/TS/TESTS/work_pimp_2/backend/src/core/services/users/UserService.ts:33:23)
    at Object.throw (/home/anton/my_projects/NODE_JS/TS/TESTS/work_pimp_2/backend/src/core/services/users/UserService.ts:14:53)
    at rejected (/home/anton/my_projects/NODE_JS/TS/TESTS/work_pimp_2/backend/src/core/services/users/UserService.ts:6:65)
    at processTicksAndRejections (node:internal/process/task_queues:95:5)
2024-05-05T19:06:35.892Z [your-service] /home/anton/my_projects/NODE_JS/TS/TESTS/work_pimp_2/backend/src/utils/logger.ts:34 error: Error: Failed to create user
    at UserService.<anonymous> (/home/anton/my_projects/NODE_JS/TS/TESTS/work_pimp_2/backend/src/core/services/users/UserService.ts:14:19)
    at step (/home/anton/my_projects/NODE_JS/TS/TESTS/work_pimp_2/backend/src/core/services/users/UserService.ts:33:23)
    at Object.throw (/home/anton/my_projects/NODE_JS/TS/TESTS/work_pimp_2/backend/src/core/services/users/UserService.ts:14:53)
    at rejected (/home/anton/my_projects/NODE_JS/TS/TESTS/work_pimp_2/backend/src/core/services/users/UserService.ts:6:65)
    at processTicksAndRejections (node:internal/process/task_queues:95:5)
2024-05-05T19:48:47.180Z [your-service] /home/anton/my_projects/NODE_JS/TS/TESTS/work_pimp_2/backend/src/utils/logger.ts:34 error: QueryFailedError: ER_DUP_ENTRY: Duplicate entry '111.111@111.111' for key 'user_entity.IDX_415c35b9b3b6fe45a3b065030f'
    at Query.<anonymous> (/home/anton/my_projects/NODE_JS/TS/TESTS/work_pimp_2/backend/src/driver/mysql/MysqlQueryRunner.ts:246:33)
    at Query.<anonymous> (/home/anton/my_projects/NODE_JS/TS/TESTS/work_pimp_2/backend/node_modules/mysql/lib/Connection.js:526:10)
    at Query._callback (/home/anton/my_projects/NODE_JS/TS/TESTS/work_pimp_2/backend/node_modules/mysql/lib/Connection.js:488:16)
    at Query.Sequence.end (/home/anton/my_projects/NODE_JS/TS/TESTS/work_pimp_2/backend/node_modules/mysql/lib/protocol/sequences/Sequence.js:83:24)
    at Query.ErrorPacket (/home/anton/my_projects/NODE_JS/TS/TESTS/work_pimp_2/backend/node_modules/mysql/lib/protocol/sequences/Query.js:92:8)
    at Protocol._parsePacket (/home/anton/my_projects/NODE_JS/TS/TESTS/work_pimp_2/backend/node_modules/mysql/lib/protocol/Protocol.js:291:23)
    at Parser._parsePacket (/home/anton/my_projects/NODE_JS/TS/TESTS/work_pimp_2/backend/node_modules/mysql/lib/protocol/Parser.js:433:10)
    at Parser.write (/home/anton/my_projects/NODE_JS/TS/TESTS/work_pimp_2/backend/node_modules/mysql/lib/protocol/Parser.js:43:10)
    at Protocol.write (/home/anton/my_projects/NODE_JS/TS/TESTS/work_pimp_2/backend/node_modules/mysql/lib/protocol/Protocol.js:38:16)
    at Socket.<anonymous> (/home/anton/my_projects/NODE_JS/TS/TESTS/work_pimp_2/backend/node_modules/mysql/lib/Connection.js:88:28)
2024-05-05T19:48:47.180Z [your-service] /home/anton/my_projects/NODE_JS/TS/TESTS/work_pimp_2/backend/src/utils/logger.ts:34 error: ER_DUP_ENTRY: Duplicate entry '111.111@111.111' for key 'user_entity.IDX_415c35b9b3b6fe45a3b065030f'
2024-05-05T19:48:47.181Z [your-service] /home/anton/my_projects/NODE_JS/TS/TESTS/work_pimp_2/backend/src/utils/logger.ts:34 error: QueryFailedError: ER_DUP_ENTRY: Duplicate entry '111.111@111.111' for key 'user_entity.IDX_415c35b9b3b6fe45a3b065030f'
    at Query.<anonymous> (/home/anton/my_projects/NODE_JS/TS/TESTS/work_pimp_2/backend/src/driver/mysql/MysqlQueryRunner.ts:246:33)
    at Query.<anonymous> (/home/anton/my_projects/NODE_JS/TS/TESTS/work_pimp_2/backend/node_modules/mysql/lib/Connection.js:526:10)
    at Query._callback (/home/anton/my_projects/NODE_JS/TS/TESTS/work_pimp_2/backend/node_modules/mysql/lib/Connection.js:488:16)
    at Query.Sequence.end (/home/anton/my_projects/NODE_JS/TS/TESTS/work_pimp_2/backend/node_modules/mysql/lib/protocol/sequences/Sequence.js:83:24)
    at Query.ErrorPacket (/home/anton/my_projects/NODE_JS/TS/TESTS/work_pimp_2/backend/node_modules/mysql/lib/protocol/sequences/Query.js:92:8)
    at Protocol._parsePacket (/home/anton/my_projects/NODE_JS/TS/TESTS/work_pimp_2/backend/node_modules/mysql/lib/protocol/Protocol.js:291:23)
    at Parser._parsePacket (/home/anton/my_projects/NODE_JS/TS/TESTS/work_pimp_2/backend/node_modules/mysql/lib/protocol/Parser.js:433:10)
    at Parser.write (/home/anton/my_projects/NODE_JS/TS/TESTS/work_pimp_2/backend/node_modules/mysql/lib/protocol/Parser.js:43:10)
    at Protocol.write (/home/anton/my_projects/NODE_JS/TS/TESTS/work_pimp_2/backend/node_modules/mysql/lib/protocol/Protocol.js:38:16)
    at Socket.<anonymous> (/home/anton/my_projects/NODE_JS/TS/TESTS/work_pimp_2/backend/node_modules/mysql/lib/Connection.js:88:28)
2024-05-05T19:56:51.002Z [site-service] /home/anton/my_projects/NODE_JS/TS/TESTS/work_pimp_2/backend/src/utils/logger.ts:34 error: Некорректный email
2024-05-05T19:58:17.369Z [site-service] /home/anton/my_projects/NODE_JS/TS/TESTS/work_pimp_2/backend/src/utils/logger.ts:34 error: Некорректный email
2024-05-05T19:59:32.740Z [site-service] /home/anton/my_projects/NODE_JS/TS/TESTS/work_pimp_2/backend/src/utils/logger.ts:34 error: Некорректный email
2024-05-06T15:53:22.558Z [site-service] /home/anton/my_projects/NODE_JS/TS/TESTS/work_pimp_2/backend/src/utils/logger.ts:34 error: QueryFailedError: ER_DUP_ENTRY: Duplicate entry 'anton.tiunov.84.07@gmail.com' for key 'user_entity.IDX_415c35b9b3b6fe45a3b065030f'
    at Query.<anonymous> (/home/anton/my_projects/NODE_JS/TS/TESTS/work_pimp_2/backend/src/driver/mysql/MysqlQueryRunner.ts:246:33)
    at Query.<anonymous> (/home/anton/my_projects/NODE_JS/TS/TESTS/work_pimp_2/backend/node_modules/mysql/lib/Connection.js:526:10)
    at Query._callback (/home/anton/my_projects/NODE_JS/TS/TESTS/work_pimp_2/backend/node_modules/mysql/lib/Connection.js:488:16)
    at Query.Sequence.end (/home/anton/my_projects/NODE_JS/TS/TESTS/work_pimp_2/backend/node_modules/mysql/lib/protocol/sequences/Sequence.js:83:24)
    at Query.ErrorPacket (/home/anton/my_projects/NODE_JS/TS/TESTS/work_pimp_2/backend/node_modules/mysql/lib/protocol/sequences/Query.js:92:8)
    at Protocol._parsePacket (/home/anton/my_projects/NODE_JS/TS/TESTS/work_pimp_2/backend/node_modules/mysql/lib/protocol/Protocol.js:291:23)
    at Parser._parsePacket (/home/anton/my_projects/NODE_JS/TS/TESTS/work_pimp_2/backend/node_modules/mysql/lib/protocol/Parser.js:433:10)
    at Parser.write (/home/anton/my_projects/NODE_JS/TS/TESTS/work_pimp_2/backend/node_modules/mysql/lib/protocol/Parser.js:43:10)
    at Protocol.write (/home/anton/my_projects/NODE_JS/TS/TESTS/work_pimp_2/backend/node_modules/mysql/lib/protocol/Protocol.js:38:16)
    at Socket.<anonymous> (/home/anton/my_projects/NODE_JS/TS/TESTS/work_pimp_2/backend/node_modules/mysql/lib/Connection.js:88:28)
2024-05-06T15:53:22.558Z [site-service] /home/anton/my_projects/NODE_JS/TS/TESTS/work_pimp_2/backend/src/utils/logger.ts:34 error: ER_DUP_ENTRY: Duplicate entry 'anton.tiunov.84.07@gmail.com' for key 'user_entity.IDX_415c35b9b3b6fe45a3b065030f'
2024-05-06T15:53:22.559Z [site-service] /home/anton/my_projects/NODE_JS/TS/TESTS/work_pimp_2/backend/src/utils/logger.ts:34 error: QueryFailedError: ER_DUP_ENTRY: Duplicate entry 'anton.tiunov.84.07@gmail.com' for key 'user_entity.IDX_415c35b9b3b6fe45a3b065030f'
    at Query.<anonymous> (/home/anton/my_projects/NODE_JS/TS/TESTS/work_pimp_2/backend/src/driver/mysql/MysqlQueryRunner.ts:246:33)
    at Query.<anonymous> (/home/anton/my_projects/NODE_JS/TS/TESTS/work_pimp_2/backend/node_modules/mysql/lib/Connection.js:526:10)
    at Query._callback (/home/anton/my_projects/NODE_JS/TS/TESTS/work_pimp_2/backend/node_modules/mysql/lib/Connection.js:488:16)
    at Query.Sequence.end (/home/anton/my_projects/NODE_JS/TS/TESTS/work_pimp_2/backend/node_modules/mysql/lib/protocol/sequences/Sequence.js:83:24)
    at Query.ErrorPacket (/home/anton/my_projects/NODE_JS/TS/TESTS/work_pimp_2/backend/node_modules/mysql/lib/protocol/sequences/Query.js:92:8)
    at Protocol._parsePacket (/home/anton/my_projects/NODE_JS/TS/TESTS/work_pimp_2/backend/node_modules/mysql/lib/protocol/Protocol.js:291:23)
    at Parser._parsePacket (/home/anton/my_projects/NODE_JS/TS/TESTS/work_pimp_2/backend/node_modules/mysql/lib/protocol/Parser.js:433:10)
    at Parser.write (/home/anton/my_projects/NODE_JS/TS/TESTS/work_pimp_2/backend/node_modules/mysql/lib/protocol/Parser.js:43:10)
    at Protocol.write (/home/anton/my_projects/NODE_JS/TS/TESTS/work_pimp_2/backend/node_modules/mysql/lib/protocol/Protocol.js:38:16)
    at Socket.<anonymous> (/home/anton/my_projects/NODE_JS/TS/TESTS/work_pimp_2/backend/node_modules/mysql/lib/Connection.js:88:28)
2024-05-06T16:03:04.715Z [site-service] /home/anton/my_projects/NODE_JS/TS/TESTS/work_pimp_2/backend/src/utils/logger.ts:34 error: Пароль должен быть не менее 8 символов
2024-05-06T16:44:32.471Z [site-service] /home/anton/my_projects/NODE_JS/TS/TESTS/work_pimp_2/backend/src/utils/logger.ts:34 error: Пароль должен быть не менее 8 символов
